<?xml version="1.0" encoding="UTF-8"?>
<!-- Generated by org.testng.reporters.JUnitXMLReporter -->
<testsuite ignored="0" hostname="DESKTOP-G3T8VE9" failures="0" tests="5" name="Default test" time="45.642" errors="0" timestamp="2023-02-23T20:57:15 IST">
  <testcase classname="com.myntra.practice.MinProduct" name="moveToKids" time="29.011"/>
  <testcase classname="com.myntra.practice.MinProduct" name="getProductCount" time="0.076"/>
  <testcase classname="com.myntra.practice.MinProduct" name="ProductList" time="3.863"/>
  <testcase classname="com.myntra.practice.MinProduct" name="minPrice" time="3.315"/>
  <testcase classname="com.myntra.practice.MinProduct" name="maxPrice" time="1.428"/>
</testsuite> <!-- Default test -->
