<?xml version="1.0" encoding="UTF-8"?>
<testng-results ignored="0" total="5" passed="5" failed="0" skipped="0">
  <reporter-output>
  </reporter-output>
  <suite started-at="2023-02-23T20:56:29 IST" name="Default suite" finished-at="2023-02-23T20:57:15 IST" duration-ms="45642">
    <groups>
    </groups>
    <test started-at="2023-02-23T20:56:29 IST" name="Default test" finished-at="2023-02-23T20:57:15 IST" duration-ms="45642">
      <class name="com.myntra.practice.MinProduct">
        <test-method is-config="true" signature="launchBrowser()[pri:0, instance:com.myntra.practice.MinProduct@1af2d44a]" started-at="2023-02-23T20:56:29 IST" name="launchBrowser" finished-at="2023-02-23T20:56:37 IST" duration-ms="7873" status="PASS">
          <reporter-output>
          </reporter-output>
        </test-method> <!-- launchBrowser -->
        <test-method signature="moveToKids()[pri:1, instance:com.myntra.practice.MinProduct@1af2d44a]" started-at="2023-02-23T20:56:37 IST" name="moveToKids" finished-at="2023-02-23T20:57:06 IST" duration-ms="29011" status="PASS">
          <reporter-output>
          </reporter-output>
        </test-method> <!-- moveToKids -->
        <test-method signature="getProductCount()[pri:2, instance:com.myntra.practice.MinProduct@1af2d44a]" started-at="2023-02-23T20:57:06 IST" name="getProductCount" finished-at="2023-02-23T20:57:06 IST" duration-ms="76" status="PASS">
          <reporter-output>
          </reporter-output>
        </test-method> <!-- getProductCount -->
        <test-method signature="ProductList()[pri:3, instance:com.myntra.practice.MinProduct@1af2d44a]" started-at="2023-02-23T20:57:06 IST" name="ProductList" finished-at="2023-02-23T20:57:10 IST" duration-ms="3863" status="PASS">
          <reporter-output>
          </reporter-output>
        </test-method> <!-- ProductList -->
        <test-method signature="minPrice()[pri:4, instance:com.myntra.practice.MinProduct@1af2d44a]" started-at="2023-02-23T20:57:10 IST" name="minPrice" finished-at="2023-02-23T20:57:14 IST" duration-ms="3315" status="PASS">
          <reporter-output>
          </reporter-output>
        </test-method> <!-- minPrice -->
        <test-method signature="maxPrice()[pri:5, instance:com.myntra.practice.MinProduct@1af2d44a]" started-at="2023-02-23T20:57:14 IST" name="maxPrice" finished-at="2023-02-23T20:57:15 IST" duration-ms="1428" status="PASS">
          <reporter-output>
          </reporter-output>
        </test-method> <!-- maxPrice -->
      </class> <!-- com.myntra.practice.MinProduct -->
    </test> <!-- Default test -->
  </suite> <!-- Default suite -->
</testng-results>
